<?xml version="1.0" encoding="UTF-8"?>
<testng-results ignored="0" total="1" passed="1" failed="0" skipped="0">
  <reporter-output>
  </reporter-output>
  <suite started-at="2024-08-07T08:17:45 IST" name="Default suite" finished-at="2024-08-07T08:18:07 IST" duration-ms="21506">
    <groups>
    </groups>
    <test started-at="2024-08-07T08:17:45 IST" name="Default test" finished-at="2024-08-07T08:18:07 IST" duration-ms="21506">
      <class name="pom.banking.testCases.TC_LoginTest_001">
        <test-method is-config="true" signature="setup()[pri:0, instance:pom.banking.testCases.TC_LoginTest_001@7d8704ef]" started-at="2024-08-07T08:17:45 IST" name="setup" finished-at="2024-08-07T08:17:56 IST" duration-ms="10703" status="PASS">
          <reporter-output>
          </reporter-output>
        </test-method> <!-- setup -->
        <test-method signature="loginTest()[pri:0, instance:pom.banking.testCases.TC_LoginTest_001@7d8704ef]" started-at="2024-08-07T08:17:56 IST" name="loginTest" finished-at="2024-08-07T08:18:06 IST" duration-ms="10352" status="PASS">
          <reporter-output>
          </reporter-output>
        </test-method> <!-- loginTest -->
        <test-method is-config="true" signature="teardown()[pri:0, instance:pom.banking.testCases.TC_LoginTest_001@7d8704ef]" started-at="2024-08-07T08:18:06 IST" name="teardown" finished-at="2024-08-07T08:18:07 IST" duration-ms="364" status="PASS">
          <reporter-output>
          </reporter-output>
        </test-method> <!-- teardown -->
      </class> <!-- pom.banking.testCases.TC_LoginTest_001 -->
    </test> <!-- Default test -->
  </suite> <!-- Default suite -->
</testng-results>
